<?xml version="1.0" encoding="UTF-8"?>
<!-- Generated by org.testng.reporters.JUnitReportReporter -->
<testsuite skipped="0" hostname="chirag" name="texch_x.Tech_x_testNG" tests="5" failures="0" timestamp="10 Oct 2017 03:08:27 GMT" time="0.955" errors="0">
  <testcase name="SignIn" time="0.002" classname="texch_x.Tech_x_testNG"/>
  <testcase name="OpenBrowser" time="0.007" classname="texch_x.Tech_x_testNG"/>
  <testcase name="f1" time="0.340" classname="texch_x.Tech_x_testNG"/>
  <testcase name="f2" time="0.604" classname="texch_x.Tech_x_testNG"/>
  <testcase name="f3" time="0.002" classname="texch_x.Tech_x_testNG"/>
</testsuite> <!-- texch_x.Tech_x_testNG -->
